<?xml version="1.0" encoding="UTF-8" ?>
<testsuite failures="0" time="8.634" errors="4" skipped="0" tests="4" name="com.example.resource.TIMyResourceJTFTest">
  <properties>
    <property name="java.runtime.name" value="Java(TM) SE Runtime Environment"/>
    <property name="sun.boot.library.path" value="C:\Program Files\Java\jdk1.7.0_05\jre\bin"/>
    <property name="java.vm.version" value="23.1-b03"/>
    <property name="java.vm.vendor" value="Oracle Corporation"/>
    <property name="java.vendor.url" value="http://java.oracle.com/"/>
    <property name="path.separator" value=";"/>
    <property name="guice.disable.misplaced.annotation.check" value="true"/>
    <property name="java.vm.name" value="Java HotSpot(TM) 64-Bit Server VM"/>
    <property name="file.encoding.pkg" value="sun.io"/>
    <property name="user.script" value=""/>
    <property name="user.country" value="CN"/>
    <property name="sun.java.launcher" value="SUN_STANDARD"/>
    <property name="sun.os.patch.level" value=""/>
    <property name="java.vm.specification.name" value="Java Virtual Machine Specification"/>
    <property name="user.dir" value="C:\Users\panthole\Desktop\5simple-service-webapp-spring-jpa-jquery"/>
    <property name="java.runtime.version" value="1.7.0_05-b06"/>
    <property name="java.awt.graphicsenv" value="sun.awt.Win32GraphicsEnvironment"/>
    <property name="java.endorsed.dirs" value="C:\Program Files\Java\jdk1.7.0_05\jre\lib\endorsed"/>
    <property name="os.arch" value="amd64"/>
    <property name="java.io.tmpdir" value="C:\Users\panthole\AppData\Local\Temp\"/>
    <property name="line.separator" value="
"/>
    <property name="java.vm.specification.vendor" value="Oracle Corporation"/>
    <property name="user.variant" value=""/>
    <property name="os.name" value="Windows 7"/>
    <property name="classworlds.conf" value="D:\Dev\code\workspace_jax_rs\.metadata\.plugins\org.eclipse.m2e.launching\launches\m2conf4230121460900982555.tmp"/>
    <property name="sun.jnu.encoding" value="GBK"/>
    <property name="java.library.path" value="C:\Program Files\Java\jdk1.7.0_05\bin;C:\Windows\Sun\Java\bin;C:\Windows\system32;C:\Windows;D:/Dev/Java/jre/bin/server;D:/Dev/Java/jre/bin;D:/Dev/Java/jre/lib/amd64;D:\Development\Git\bin;D:\Dev\android-sdk\platform-tools;D:\Dev\android-sdk\tools;;C:\ProgramData\Oracle\Java\javapath;D:\Development\Ruby21\bin;D:\Development\Yaws-1.92\bin;D:\Dev\Java\jdk1.8.0_31\jre;D:\Dev\Java\jdk1.8.0_31\bin;C:\Program Files (x86)\ATI Technologies\ATI.ACE\Core-Static;D:\app\panthole\product\11.2.0\client_1\bin;D:\android\tools;D:\android\platform-tools;C:\Program Files\Microsoft\Web Platform Installer\;C:\Program Files (x86)\Microsoft ASP.NET\ASP.NET Web Pages\v1.0\;C:\Program Files (x86)\Windows Kits\8.0\Windows Performance Toolkit\;D:\opencv\build\x86\vc11\bin;D:\Dev\Java\jdk1.8.0_31\bin;C:\Program Files\TortoiseSVN\bin;D:\Development\erl5.10.4\bin;D:\Development\PLSQL Developer\instantclient_10_2;D:\Development\apache-maven-3.0.4\bin;D:\Program Files\TortoiseGit\bin;D:\Development\opencv\build\x64\vc10\bin;c:\windows\system32;C:\Program Files\nodejs\;D:\Dev\scala\bin;C:\Python27\;C:\Program Files (x86)\Microsoft Visual Studio\Common\Tools\WinNT;C:\Program Files (x86)\Microsoft Visual Studio\Common\MSDev98\Bin;C:\Program Files (x86)\Microsoft Visual Studio\Common\Tools;C:\Program Files (x86)\Microsoft Visual Studio\VC98\bin;C:\Users\panthole\AppData\Roaming\npm;D:\Dev\ide\eclipse_jax_rs;;."/>
    <property name="java.specification.name" value="Java Platform API Specification"/>
    <property name="java.class.version" value="51.0"/>
    <property name="sun.management.compiler" value="HotSpot 64-Bit Tiered Compilers"/>
    <property name="os.version" value="6.1"/>
    <property name="user.home" value="C:\Users\panthole"/>
    <property name="user.timezone" value="Asia/Shanghai"/>
    <property name="java.awt.printerjob" value="sun.awt.windows.WPrinterJob"/>
    <property name="java.specification.version" value="1.7"/>
    <property name="file.encoding" value="GBK"/>
    <property name="user.name" value="panthole"/>
    <property name="java.class.path" value="D:\Development\maven\boot\plexus-classworlds-2.4.jar"/>
    <property name="java.vm.specification.version" value="1.7"/>
    <property name="sun.arch.data.model" value="64"/>
    <property name="java.home" value="C:\Program Files\Java\jdk1.7.0_05\jre"/>
    <property name="sun.java.command" value="org.codehaus.plexus.classworlds.launcher.Launcher -B install"/>
    <property name="java.specification.vendor" value="Oracle Corporation"/>
    <property name="user.language" value="zh"/>
    <property name="awt.toolkit" value="sun.awt.windows.WToolkit"/>
    <property name="java.vm.info" value="mixed mode"/>
    <property name="java.version" value="1.7.0_05"/>
    <property name="java.ext.dirs" value="C:\Program Files\Java\jdk1.7.0_05\jre\lib\ext;C:\Windows\Sun\Java\lib\ext"/>
    <property name="sun.boot.class.path" value="C:\Program Files\Java\jdk1.7.0_05\jre\lib\resources.jar;C:\Program Files\Java\jdk1.7.0_05\jre\lib\rt.jar;C:\Program Files\Java\jdk1.7.0_05\jre\lib\sunrsasign.jar;C:\Program Files\Java\jdk1.7.0_05\jre\lib\jsse.jar;C:\Program Files\Java\jdk1.7.0_05\jre\lib\jce.jar;C:\Program Files\Java\jdk1.7.0_05\jre\lib\charsets.jar;C:\Program Files\Java\jdk1.7.0_05\jre\lib\jfr.jar;C:\Program Files\Java\jdk1.7.0_05\jre\classes"/>
    <property name="java.vendor" value="Oracle Corporation"/>
    <property name="maven.home" value="D:\Development\maven"/>
    <property name="file.separator" value="\"/>
    <property name="java.vendor.url.bug" value="http://bugreport.sun.com/bugreport/"/>
    <property name="sun.cpu.endian" value="little"/>
    <property name="sun.io.unicode.encoding" value="UnicodeLittle"/>
    <property name="sun.desktop" value="windows"/>
    <property name="sun.cpu.isalist" value="amd64"/>
  </properties>
  <testcase time="6.909" classname="com.example.resource.TIMyResourceJTFTest" name="testPostAndDelete">
    <error message="HTTP 500 Request failed." type="javax.ws.rs.InternalServerErrorException">javax.ws.rs.InternalServerErrorException: HTTP 500 Request failed.
	at org.glassfish.jersey.client.JerseyInvocation.convertToException(JerseyInvocation.java:929)
	at org.glassfish.jersey.client.JerseyInvocation.translate(JerseyInvocation.java:770)
	at org.glassfish.jersey.client.JerseyInvocation.access$500(JerseyInvocation.java:90)
	at org.glassfish.jersey.client.JerseyInvocation$2.call(JerseyInvocation.java:671)
	at org.glassfish.jersey.internal.Errors.process(Errors.java:315)
	at org.glassfish.jersey.internal.Errors.process(Errors.java:297)
	at org.glassfish.jersey.internal.Errors.process(Errors.java:228)
	at org.glassfish.jersey.process.internal.RequestScope.runInScope(RequestScope.java:424)
	at org.glassfish.jersey.client.JerseyInvocation.invoke(JerseyInvocation.java:667)
	at org.glassfish.jersey.client.JerseyInvocation$Builder.method(JerseyInvocation.java:423)
	at org.glassfish.jersey.client.JerseyInvocation$Builder.post(JerseyInvocation.java:326)
	at com.example.resource.TIMyResourceJTFTest.testPostAndDelete(TIMyResourceJTFTest.java:72)
	at sun.reflect.NativeMethodAccessorImpl.invoke0(Native Method)
	at sun.reflect.NativeMethodAccessorImpl.invoke(NativeMethodAccessorImpl.java:57)
	at sun.reflect.DelegatingMethodAccessorImpl.invoke(DelegatingMethodAccessorImpl.java:43)
	at java.lang.reflect.Method.invoke(Method.java:601)
	at org.junit.runners.model.FrameworkMethod$1.runReflectiveCall(FrameworkMethod.java:47)
	at org.junit.internal.runners.model.ReflectiveCallable.run(ReflectiveCallable.java:12)
	at org.junit.runners.model.FrameworkMethod.invokeExplosively(FrameworkMethod.java:44)
	at org.junit.internal.runners.statements.InvokeMethod.evaluate(InvokeMethod.java:17)
	at org.junit.internal.runners.statements.RunBefores.evaluate(RunBefores.java:26)
	at org.junit.internal.runners.statements.RunAfters.evaluate(RunAfters.java:27)
	at org.junit.runners.ParentRunner.runLeaf(ParentRunner.java:271)
	at org.junit.runners.BlockJUnit4ClassRunner.runChild(BlockJUnit4ClassRunner.java:70)
	at org.junit.runners.BlockJUnit4ClassRunner.runChild(BlockJUnit4ClassRunner.java:50)
	at org.junit.runners.ParentRunner$3.run(ParentRunner.java:238)
	at org.junit.runners.ParentRunner$1.schedule(ParentRunner.java:63)
	at org.junit.runners.ParentRunner.runChildren(ParentRunner.java:236)
	at org.junit.runners.ParentRunner.access$000(ParentRunner.java:53)
	at org.junit.runners.ParentRunner$2.evaluate(ParentRunner.java:229)
	at org.junit.runners.ParentRunner.run(ParentRunner.java:309)
	at org.apache.maven.surefire.junit4.JUnit4TestSet.execute(JUnit4TestSet.java:53)
	at org.apache.maven.surefire.junit4.JUnit4Provider.executeTestSet(JUnit4Provider.java:123)
	at org.apache.maven.surefire.junit4.JUnit4Provider.invoke(JUnit4Provider.java:104)
	at sun.reflect.NativeMethodAccessorImpl.invoke0(Native Method)
	at sun.reflect.NativeMethodAccessorImpl.invoke(NativeMethodAccessorImpl.java:57)
	at sun.reflect.DelegatingMethodAccessorImpl.invoke(DelegatingMethodAccessorImpl.java:43)
	at java.lang.reflect.Method.invoke(Method.java:601)
	at org.apache.maven.surefire.util.ReflectionUtils.invokeMethodWithArray(ReflectionUtils.java:164)
	at org.apache.maven.surefire.booter.ProviderFactory$ProviderProxy.invoke(ProviderFactory.java:110)
	at org.apache.maven.surefire.booter.SurefireStarter.invokeProvider(SurefireStarter.java:175)
	at org.apache.maven.surefire.booter.SurefireStarter.runSuitesInProcessWhenForked(SurefireStarter.java:107)
	at org.apache.maven.surefire.booter.ForkedBooter.main(ForkedBooter.java:68)
</error>
    <system-out>2015-05-15 15:33:22,831 DEBUG [com.example.resource.TIMyResourceJTFTest] main - &gt;&gt;Test Post
</system-out>
    <system-err>五月 15, 2015 3:33:18 下午 org.glassfish.jersey.test.grizzly.GrizzlyTestContainerFactory$GrizzlyTestContainer &lt;init&gt;
信息: Creating GrizzlyTestContainer configured at the base URI http://localhost:9998/
五月 15, 2015 3:33:19 下午 org.glassfish.jersey.server.ApplicationHandler initialize
信息: Initiating Jersey application, version Jersey: 2.9 2014-05-22 05:12:10...
五月 15, 2015 3:33:22 下午 org.glassfish.grizzly.http.server.NetworkListener start
信息: Started listener bound to [localhost:9998]
五月 15, 2015 3:33:22 下午 org.glassfish.grizzly.http.server.HttpServer start
信息: [HttpServer] Started.
五月 15, 2015 3:33:24 下午 org.glassfish.jersey.filter.LoggingFilter log
信息: 1 * Sending client request on thread main
1 &gt; POST http://localhost:9998/books/
1 &gt; Accept: application/json
1 &gt; Content-Type: application/json
{&quot;bookName&quot;:&quot;Java Restful Web Service浣跨敤鎸囧崡-2598969094553680&quot;}

五月 15, 2015 3:33:24 下午 org.glassfish.jersey.server.spring.AutowiredInjectResolver getBeanFromSpringContext
警告: No qualifying bean of type [com.panthole.service.BookService] found for dependency: expected at least 1 bean which qualifies as autowire candidate for this dependency. Dependency annotations: {@org.springframework.beans.factory.annotation.Autowired(required=true)}
五月 15, 2015 3:33:24 下午 org.glassfish.jersey.filter.LoggingFilter log
信息: 2 * Client response received on thread main
2 &lt; 500
2 &lt; Connection: close
2 &lt; Content-Length: 1031
2 &lt; Content-Type: text/html;charset=ISO-8859-1
2 &lt; Date: Fri, 15 May 2015 07:33:24 GMT
&lt;html&gt;&lt;head&gt;&lt;title&gt;Grizzly 2.3.8&lt;/title&gt;&lt;style&gt;&lt;!--div.header {font-family:Tahoma,Arial,sans-serif;color:white;background-color:#003300;font-size:22px;-moz-border-radius-topleft: 10px;border-top-left-radius: 10px;-moz-border-radius-topright: 10px;border-top-right-radius: 10px;padding-left: 5px}div.body {font-family:Tahoma,Arial,sans-serif;color:black;background-color:#FFFFCC;font-size:16px;padding-top:10px;padding-bottom:10px;padding-left:10px}div.footer {font-family:Tahoma,Arial,sans-serif;color:white;background-color:#666633;font-size:14px;-moz-border-radius-bottomleft: 10px;border-bottom-left-radius: 10px;-moz-border-radius-bottomright: 10px;border-bottom-right-radius: 10px;padding-left: 5px}BODY {font-family:Tahoma,Arial,sans-serif;color:black;background-color:white;}B {font-family:Tahoma,Arial,sans-serif;color:black;}A {color : black;}HR {color : #999966;}--&gt;&lt;/style&gt; &lt;/head&gt;&lt;body&gt;&lt;div class=&quot;header&quot;&gt;Request failed.&lt;/div&gt;&lt;div class=&quot;body&quot;&gt;Request failed.&lt;/div&gt;&lt;div class=&quot;footer&quot;&gt;Grizzly 2.3.8&lt;/div&gt;&lt;/body&gt;&lt;/html&gt;

五月 15, 2015 3:33:24 下午 org.glassfish.grizzly.http.server.NetworkListener shutdownNow
信息: Stopped listener bound to [localhost:9998]
</system-err>
  </testcase>
  <testcase time="0.272" classname="com.example.resource.TIMyResourceJTFTest" name="testPathGetJSON">
    <error message="HTTP 404 Not Found" type="javax.ws.rs.NotFoundException">javax.ws.rs.NotFoundException: HTTP 404 Not Found
	at org.glassfish.jersey.client.JerseyInvocation.convertToException(JerseyInvocation.java:917)
	at org.glassfish.jersey.client.JerseyInvocation.translate(JerseyInvocation.java:770)
	at org.glassfish.jersey.client.JerseyInvocation.access$500(JerseyInvocation.java:90)
	at org.glassfish.jersey.client.JerseyInvocation$2.call(JerseyInvocation.java:671)
	at org.glassfish.jersey.internal.Errors.process(Errors.java:315)
	at org.glassfish.jersey.internal.Errors.process(Errors.java:297)
	at org.glassfish.jersey.internal.Errors.process(Errors.java:228)
	at org.glassfish.jersey.process.internal.RequestScope.runInScope(RequestScope.java:424)
	at org.glassfish.jersey.client.JerseyInvocation.invoke(JerseyInvocation.java:667)
	at org.glassfish.jersey.client.JerseyInvocation$Builder.method(JerseyInvocation.java:396)
	at org.glassfish.jersey.client.JerseyInvocation$Builder.get(JerseyInvocation.java:296)
	at com.example.resource.TIMyResourceJTFTest.testPathGetJSON(TIMyResourceJTFTest.java:61)
	at sun.reflect.NativeMethodAccessorImpl.invoke0(Native Method)
	at sun.reflect.NativeMethodAccessorImpl.invoke(NativeMethodAccessorImpl.java:57)
	at sun.reflect.DelegatingMethodAccessorImpl.invoke(DelegatingMethodAccessorImpl.java:43)
	at java.lang.reflect.Method.invoke(Method.java:601)
	at org.junit.runners.model.FrameworkMethod$1.runReflectiveCall(FrameworkMethod.java:47)
	at org.junit.internal.runners.model.ReflectiveCallable.run(ReflectiveCallable.java:12)
	at org.junit.runners.model.FrameworkMethod.invokeExplosively(FrameworkMethod.java:44)
	at org.junit.internal.runners.statements.InvokeMethod.evaluate(InvokeMethod.java:17)
	at org.junit.internal.runners.statements.RunBefores.evaluate(RunBefores.java:26)
	at org.junit.internal.runners.statements.RunAfters.evaluate(RunAfters.java:27)
	at org.junit.runners.ParentRunner.runLeaf(ParentRunner.java:271)
	at org.junit.runners.BlockJUnit4ClassRunner.runChild(BlockJUnit4ClassRunner.java:70)
	at org.junit.runners.BlockJUnit4ClassRunner.runChild(BlockJUnit4ClassRunner.java:50)
	at org.junit.runners.ParentRunner$3.run(ParentRunner.java:238)
	at org.junit.runners.ParentRunner$1.schedule(ParentRunner.java:63)
	at org.junit.runners.ParentRunner.runChildren(ParentRunner.java:236)
	at org.junit.runners.ParentRunner.access$000(ParentRunner.java:53)
	at org.junit.runners.ParentRunner$2.evaluate(ParentRunner.java:229)
	at org.junit.runners.ParentRunner.run(ParentRunner.java:309)
	at org.apache.maven.surefire.junit4.JUnit4TestSet.execute(JUnit4TestSet.java:53)
	at org.apache.maven.surefire.junit4.JUnit4Provider.executeTestSet(JUnit4Provider.java:123)
	at org.apache.maven.surefire.junit4.JUnit4Provider.invoke(JUnit4Provider.java:104)
	at sun.reflect.NativeMethodAccessorImpl.invoke0(Native Method)
	at sun.reflect.NativeMethodAccessorImpl.invoke(NativeMethodAccessorImpl.java:57)
	at sun.reflect.DelegatingMethodAccessorImpl.invoke(DelegatingMethodAccessorImpl.java:43)
	at java.lang.reflect.Method.invoke(Method.java:601)
	at org.apache.maven.surefire.util.ReflectionUtils.invokeMethodWithArray(ReflectionUtils.java:164)
	at org.apache.maven.surefire.booter.ProviderFactory$ProviderProxy.invoke(ProviderFactory.java:110)
	at org.apache.maven.surefire.booter.SurefireStarter.invokeProvider(SurefireStarter.java:175)
	at org.apache.maven.surefire.booter.SurefireStarter.runSuitesInProcessWhenForked(SurefireStarter.java:107)
	at org.apache.maven.surefire.booter.ForkedBooter.main(ForkedBooter.java:68)
</error>
    <system-out>2015-05-15 15:33:25,033 DEBUG [com.example.resource.TIMyResourceJTFTest] main - &gt;&gt;Test Path Get
</system-out>
    <system-err>五月 15, 2015 3:33:24 下午 org.glassfish.jersey.test.grizzly.GrizzlyTestContainerFactory$GrizzlyTestContainer &lt;init&gt;
信息: Creating GrizzlyTestContainer configured at the base URI http://localhost:9998/
五月 15, 2015 3:33:24 下午 org.glassfish.jersey.server.ApplicationHandler initialize
信息: Initiating Jersey application, version Jersey: 2.9 2014-05-22 05:12:10...
五月 15, 2015 3:33:25 下午 org.glassfish.grizzly.http.server.NetworkListener start
信息: Started listener bound to [localhost:9998]
五月 15, 2015 3:33:25 下午 org.glassfish.grizzly.http.server.HttpServer start
信息: [HttpServer-1] Started.
五月 15, 2015 3:33:25 下午 org.glassfish.jersey.filter.LoggingFilter log
信息: 1 * Sending client request on thread main
1 &gt; GET http://localhost:9998/books//1
1 &gt; Accept: application/json

五月 15, 2015 3:33:25 下午 org.glassfish.jersey.filter.LoggingFilter log
信息: 2 * Client response received on thread main
2 &lt; 404
2 &lt; Content-Length: 0
2 &lt; Date: Fri, 15 May 2015 07:33:24 GMT

五月 15, 2015 3:33:25 下午 org.glassfish.grizzly.http.server.NetworkListener shutdownNow
信息: Stopped listener bound to [localhost:9998]
</system-err>
  </testcase>
  <testcase time="0.236" classname="com.example.resource.TIMyResourceJTFTest" name="testGetAll">
    <error message="HTTP 500 Request failed." type="javax.ws.rs.InternalServerErrorException">javax.ws.rs.InternalServerErrorException: HTTP 500 Request failed.
	at org.glassfish.jersey.client.JerseyInvocation.convertToException(JerseyInvocation.java:929)
	at org.glassfish.jersey.client.JerseyInvocation.translate(JerseyInvocation.java:770)
	at org.glassfish.jersey.client.JerseyInvocation.access$500(JerseyInvocation.java:90)
	at org.glassfish.jersey.client.JerseyInvocation$2.call(JerseyInvocation.java:671)
	at org.glassfish.jersey.internal.Errors.process(Errors.java:315)
	at org.glassfish.jersey.internal.Errors.process(Errors.java:297)
	at org.glassfish.jersey.internal.Errors.process(Errors.java:228)
	at org.glassfish.jersey.process.internal.RequestScope.runInScope(RequestScope.java:424)
	at org.glassfish.jersey.client.JerseyInvocation.invoke(JerseyInvocation.java:667)
	at org.glassfish.jersey.client.JerseyInvocation$Builder.method(JerseyInvocation.java:396)
	at org.glassfish.jersey.client.JerseyInvocation$Builder.get(JerseyInvocation.java:296)
	at com.example.resource.TIMyResourceJTFTest.testGetAll(TIMyResourceJTFTest.java:89)
	at sun.reflect.NativeMethodAccessorImpl.invoke0(Native Method)
	at sun.reflect.NativeMethodAccessorImpl.invoke(NativeMethodAccessorImpl.java:57)
	at sun.reflect.DelegatingMethodAccessorImpl.invoke(DelegatingMethodAccessorImpl.java:43)
	at java.lang.reflect.Method.invoke(Method.java:601)
	at org.junit.runners.model.FrameworkMethod$1.runReflectiveCall(FrameworkMethod.java:47)
	at org.junit.internal.runners.model.ReflectiveCallable.run(ReflectiveCallable.java:12)
	at org.junit.runners.model.FrameworkMethod.invokeExplosively(FrameworkMethod.java:44)
	at org.junit.internal.runners.statements.InvokeMethod.evaluate(InvokeMethod.java:17)
	at org.junit.internal.runners.statements.RunBefores.evaluate(RunBefores.java:26)
	at org.junit.internal.runners.statements.RunAfters.evaluate(RunAfters.java:27)
	at org.junit.runners.ParentRunner.runLeaf(ParentRunner.java:271)
	at org.junit.runners.BlockJUnit4ClassRunner.runChild(BlockJUnit4ClassRunner.java:70)
	at org.junit.runners.BlockJUnit4ClassRunner.runChild(BlockJUnit4ClassRunner.java:50)
	at org.junit.runners.ParentRunner$3.run(ParentRunner.java:238)
	at org.junit.runners.ParentRunner$1.schedule(ParentRunner.java:63)
	at org.junit.runners.ParentRunner.runChildren(ParentRunner.java:236)
	at org.junit.runners.ParentRunner.access$000(ParentRunner.java:53)
	at org.junit.runners.ParentRunner$2.evaluate(ParentRunner.java:229)
	at org.junit.runners.ParentRunner.run(ParentRunner.java:309)
	at org.apache.maven.surefire.junit4.JUnit4TestSet.execute(JUnit4TestSet.java:53)
	at org.apache.maven.surefire.junit4.JUnit4Provider.executeTestSet(JUnit4Provider.java:123)
	at org.apache.maven.surefire.junit4.JUnit4Provider.invoke(JUnit4Provider.java:104)
	at sun.reflect.NativeMethodAccessorImpl.invoke0(Native Method)
	at sun.reflect.NativeMethodAccessorImpl.invoke(NativeMethodAccessorImpl.java:57)
	at sun.reflect.DelegatingMethodAccessorImpl.invoke(DelegatingMethodAccessorImpl.java:43)
	at java.lang.reflect.Method.invoke(Method.java:601)
	at org.apache.maven.surefire.util.ReflectionUtils.invokeMethodWithArray(ReflectionUtils.java:164)
	at org.apache.maven.surefire.booter.ProviderFactory$ProviderProxy.invoke(ProviderFactory.java:110)
	at org.apache.maven.surefire.booter.SurefireStarter.invokeProvider(SurefireStarter.java:175)
	at org.apache.maven.surefire.booter.SurefireStarter.runSuitesInProcessWhenForked(SurefireStarter.java:107)
	at org.apache.maven.surefire.booter.ForkedBooter.main(ForkedBooter.java:68)
</error>
    <system-out>2015-05-15 15:33:25,266 DEBUG [com.example.resource.TIMyResourceJTFTest] main - &gt;&gt;Test Get All
</system-out>
    <system-err>五月 15, 2015 3:33:25 下午 org.glassfish.jersey.test.grizzly.GrizzlyTestContainerFactory$GrizzlyTestContainer &lt;init&gt;
信息: Creating GrizzlyTestContainer configured at the base URI http://localhost:9998/
五月 15, 2015 3:33:25 下午 org.glassfish.jersey.server.ApplicationHandler initialize
信息: Initiating Jersey application, version Jersey: 2.9 2014-05-22 05:12:10...
五月 15, 2015 3:33:25 下午 org.glassfish.grizzly.http.server.NetworkListener start
信息: Started listener bound to [localhost:9998]
五月 15, 2015 3:33:25 下午 org.glassfish.grizzly.http.server.HttpServer start
信息: [HttpServer-2] Started.
五月 15, 2015 3:33:25 下午 org.glassfish.jersey.filter.LoggingFilter log
信息: 1 * Sending client request on thread main
1 &gt; GET http://localhost:9998/books/

五月 15, 2015 3:33:25 下午 org.glassfish.jersey.server.spring.AutowiredInjectResolver getBeanFromSpringContext
警告: No qualifying bean of type [com.panthole.service.BookService] found for dependency: expected at least 1 bean which qualifies as autowire candidate for this dependency. Dependency annotations: {@org.springframework.beans.factory.annotation.Autowired(required=true)}
五月 15, 2015 3:33:25 下午 org.glassfish.jersey.filter.LoggingFilter log
信息: 2 * Client response received on thread main
2 &lt; 500
2 &lt; Connection: close
2 &lt; Content-Length: 1031
2 &lt; Content-Type: text/html;charset=ISO-8859-1
2 &lt; Date: Fri, 15 May 2015 07:33:24 GMT
&lt;html&gt;&lt;head&gt;&lt;title&gt;Grizzly 2.3.8&lt;/title&gt;&lt;style&gt;&lt;!--div.header {font-family:Tahoma,Arial,sans-serif;color:white;background-color:#003300;font-size:22px;-moz-border-radius-topleft: 10px;border-top-left-radius: 10px;-moz-border-radius-topright: 10px;border-top-right-radius: 10px;padding-left: 5px}div.body {font-family:Tahoma,Arial,sans-serif;color:black;background-color:#FFFFCC;font-size:16px;padding-top:10px;padding-bottom:10px;padding-left:10px}div.footer {font-family:Tahoma,Arial,sans-serif;color:white;background-color:#666633;font-size:14px;-moz-border-radius-bottomleft: 10px;border-bottom-left-radius: 10px;-moz-border-radius-bottomright: 10px;border-bottom-right-radius: 10px;padding-left: 5px}BODY {font-family:Tahoma,Arial,sans-serif;color:black;background-color:white;}B {font-family:Tahoma,Arial,sans-serif;color:black;}A {color : black;}HR {color : #999966;}--&gt;&lt;/style&gt; &lt;/head&gt;&lt;body&gt;&lt;div class=&quot;header&quot;&gt;Request failed.&lt;/div&gt;&lt;div class=&quot;body&quot;&gt;Request failed.&lt;/div&gt;&lt;div class=&quot;footer&quot;&gt;Grizzly 2.3.8&lt;/div&gt;&lt;/body&gt;&lt;/html&gt;

五月 15, 2015 3:33:25 下午 org.glassfish.grizzly.http.server.NetworkListener shutdownNow
信息: Stopped listener bound to [localhost:9998]
</system-err>
  </testcase>
  <testcase time="0.222" classname="com.example.resource.TIMyResourceJTFTest" name="testQueryGetXML">
    <error message="MessageBodyReader not found for media type=text/html; charset=ISO-8859-1, type=class com.panthole.domain.Book, genericType=class com.panthole.domain.Book." type="org.glassfish.jersey.message.internal.MessageBodyProviderNotFoundException">org.glassfish.jersey.message.internal.MessageBodyProviderNotFoundException: MessageBodyReader not found for media type=text/html; charset=ISO-8859-1, type=class com.panthole.domain.Book, genericType=class com.panthole.domain.Book.
	at org.glassfish.jersey.message.internal.ReaderInterceptorExecutor$TerminalReaderInterceptor.aroundReadFrom(ReaderInterceptorExecutor.java:225)
	at org.glassfish.jersey.message.internal.ReaderInterceptorExecutor.proceed(ReaderInterceptorExecutor.java:149)
	at org.glassfish.jersey.message.internal.MessageBodyFactory.readFrom(MessageBodyFactory.java:1124)
	at org.glassfish.jersey.message.internal.InboundMessageContext.readEntity(InboundMessageContext.java:851)
	at org.glassfish.jersey.message.internal.InboundMessageContext.readEntity(InboundMessageContext.java:783)
	at org.glassfish.jersey.client.ClientResponse.readEntity(ClientResponse.java:326)
	at org.glassfish.jersey.client.InboundJaxrsResponse$1.call(InboundJaxrsResponse.java:111)
	at org.glassfish.jersey.internal.Errors.process(Errors.java:315)
	at org.glassfish.jersey.internal.Errors.process(Errors.java:297)
	at org.glassfish.jersey.internal.Errors.process(Errors.java:228)
	at org.glassfish.jersey.process.internal.RequestScope.runInScope(RequestScope.java:399)
	at org.glassfish.jersey.client.InboundJaxrsResponse.readEntity(InboundJaxrsResponse.java:108)
	at com.example.resource.TIMyResourceJTFTest.testQueryGetXML(TIMyResourceJTFTest.java:50)
	at sun.reflect.NativeMethodAccessorImpl.invoke0(Native Method)
	at sun.reflect.NativeMethodAccessorImpl.invoke(NativeMethodAccessorImpl.java:57)
	at sun.reflect.DelegatingMethodAccessorImpl.invoke(DelegatingMethodAccessorImpl.java:43)
	at java.lang.reflect.Method.invoke(Method.java:601)
	at org.junit.runners.model.FrameworkMethod$1.runReflectiveCall(FrameworkMethod.java:47)
	at org.junit.internal.runners.model.ReflectiveCallable.run(ReflectiveCallable.java:12)
	at org.junit.runners.model.FrameworkMethod.invokeExplosively(FrameworkMethod.java:44)
	at org.junit.internal.runners.statements.InvokeMethod.evaluate(InvokeMethod.java:17)
	at org.junit.internal.runners.statements.RunBefores.evaluate(RunBefores.java:26)
	at org.junit.internal.runners.statements.RunAfters.evaluate(RunAfters.java:27)
	at org.junit.runners.ParentRunner.runLeaf(ParentRunner.java:271)
	at org.junit.runners.BlockJUnit4ClassRunner.runChild(BlockJUnit4ClassRunner.java:70)
	at org.junit.runners.BlockJUnit4ClassRunner.runChild(BlockJUnit4ClassRunner.java:50)
	at org.junit.runners.ParentRunner$3.run(ParentRunner.java:238)
	at org.junit.runners.ParentRunner$1.schedule(ParentRunner.java:63)
	at org.junit.runners.ParentRunner.runChildren(ParentRunner.java:236)
	at org.junit.runners.ParentRunner.access$000(ParentRunner.java:53)
	at org.junit.runners.ParentRunner$2.evaluate(ParentRunner.java:229)
	at org.junit.runners.ParentRunner.run(ParentRunner.java:309)
	at org.apache.maven.surefire.junit4.JUnit4TestSet.execute(JUnit4TestSet.java:53)
	at org.apache.maven.surefire.junit4.JUnit4Provider.executeTestSet(JUnit4Provider.java:123)
	at org.apache.maven.surefire.junit4.JUnit4Provider.invoke(JUnit4Provider.java:104)
	at sun.reflect.NativeMethodAccessorImpl.invoke0(Native Method)
	at sun.reflect.NativeMethodAccessorImpl.invoke(NativeMethodAccessorImpl.java:57)
	at sun.reflect.DelegatingMethodAccessorImpl.invoke(DelegatingMethodAccessorImpl.java:43)
	at java.lang.reflect.Method.invoke(Method.java:601)
	at org.apache.maven.surefire.util.ReflectionUtils.invokeMethodWithArray(ReflectionUtils.java:164)
	at org.apache.maven.surefire.booter.ProviderFactory$ProviderProxy.invoke(ProviderFactory.java:110)
	at org.apache.maven.surefire.booter.SurefireStarter.invokeProvider(SurefireStarter.java:175)
	at org.apache.maven.surefire.booter.SurefireStarter.runSuitesInProcessWhenForked(SurefireStarter.java:107)
	at org.apache.maven.surefire.booter.ForkedBooter.main(ForkedBooter.java:68)
</error>
    <system-out>2015-05-15 15:33:25,476 DEBUG [com.example.resource.TIMyResourceJTFTest] main - &gt;&gt;Test Query Get
</system-out>
    <system-err>五月 15, 2015 3:33:25 下午 org.glassfish.jersey.test.grizzly.GrizzlyTestContainerFactory$GrizzlyTestContainer &lt;init&gt;
信息: Creating GrizzlyTestContainer configured at the base URI http://localhost:9998/
五月 15, 2015 3:33:25 下午 org.glassfish.jersey.server.ApplicationHandler initialize
信息: Initiating Jersey application, version Jersey: 2.9 2014-05-22 05:12:10...
五月 15, 2015 3:33:25 下午 org.glassfish.grizzly.http.server.NetworkListener start
信息: Started listener bound to [localhost:9998]
五月 15, 2015 3:33:25 下午 org.glassfish.grizzly.http.server.HttpServer start
信息: [HttpServer-3] Started.
五月 15, 2015 3:33:25 下午 org.glassfish.jersey.filter.LoggingFilter log
信息: 1 * Sending client request on thread main
1 &gt; GET http://localhost:9998/books/book?id=1
1 &gt; Accept: application/xml

五月 15, 2015 3:33:25 下午 org.glassfish.jersey.server.spring.AutowiredInjectResolver getBeanFromSpringContext
警告: No qualifying bean of type [com.panthole.service.BookService] found for dependency: expected at least 1 bean which qualifies as autowire candidate for this dependency. Dependency annotations: {@org.springframework.beans.factory.annotation.Autowired(required=true)}
五月 15, 2015 3:33:25 下午 org.glassfish.jersey.filter.LoggingFilter log
信息: 2 * Client response received on thread main
2 &lt; 500
2 &lt; Connection: close
2 &lt; Content-Length: 1031
2 &lt; Content-Type: text/html;charset=ISO-8859-1
2 &lt; Date: Fri, 15 May 2015 07:33:24 GMT
&lt;html&gt;&lt;head&gt;&lt;title&gt;Grizzly 2.3.8&lt;/title&gt;&lt;style&gt;&lt;!--div.header {font-family:Tahoma,Arial,sans-serif;color:white;background-color:#003300;font-size:22px;-moz-border-radius-topleft: 10px;border-top-left-radius: 10px;-moz-border-radius-topright: 10px;border-top-right-radius: 10px;padding-left: 5px}div.body {font-family:Tahoma,Arial,sans-serif;color:black;background-color:#FFFFCC;font-size:16px;padding-top:10px;padding-bottom:10px;padding-left:10px}div.footer {font-family:Tahoma,Arial,sans-serif;color:white;background-color:#666633;font-size:14px;-moz-border-radius-bottomleft: 10px;border-bottom-left-radius: 10px;-moz-border-radius-bottomright: 10px;border-bottom-right-radius: 10px;padding-left: 5px}BODY {font-family:Tahoma,Arial,sans-serif;color:black;background-color:white;}B {font-family:Tahoma,Arial,sans-serif;color:black;}A {color : black;}HR {color : #999966;}--&gt;&lt;/style&gt; &lt;/head&gt;&lt;body&gt;&lt;div class=&quot;header&quot;&gt;Request failed.&lt;/div&gt;&lt;div class=&quot;body&quot;&gt;Request failed.&lt;/div&gt;&lt;div class=&quot;footer&quot;&gt;Grizzly 2.3.8&lt;/div&gt;&lt;/body&gt;&lt;/html&gt;

五月 15, 2015 3:33:25 下午 org.glassfish.jersey.message.internal.ReaderInterceptorExecutor$TerminalReaderInterceptor aroundReadFrom
严重: MessageBodyReader not found for media type=text/html; charset=ISO-8859-1, type=class com.panthole.domain.Book, genericType=class com.panthole.domain.Book.
五月 15, 2015 3:33:25 下午 org.glassfish.grizzly.http.server.NetworkListener shutdownNow
信息: Stopped listener bound to [localhost:9998]
</system-err>
  </testcase>
</testsuite>